Operating system: Microsoft Windows NT 6.2.9200.0
Opening INI file "D:\Sonic_hacking\Sonic 1 dissasembly\Sonic-into-overdrive\SonPLN.ini"...
Game type is S1.
Loading Level Select...
Plane mappings file "mappings/misc/Level Select.bin" not found.
Loading palette file "art/palettes/Menu.bin"...
Source: 0 Destination: 0 Length: 64
8x8 tile file "art/nemesis/Standard font.bin" not found.
System.AggregateException: One or more errors occurred. ---> System.IO.FileNotFoundException: Palette file could not be loaded! Have you set up your disassembly properly?
   at SonicRetro.SonLVL.SonPLN.MainForm.LoadLevelPalette() in D:\Programs\SonLVL\SonPLN\MainForm.cs:line 442
   at System.Threading.Tasks.Task.InnerInvoke()
   at System.Threading.Tasks.Task.Execute()
   --- End of inner exception stack trace ---
   at System.Threading.Tasks.Task.FastWaitAll(Task[] tasks)
   at System.Threading.Tasks.Parallel.Invoke(ParallelOptions parallelOptions, Action[] actions)
   at System.Threading.Tasks.Parallel.Invoke(Action[] actions)
   at SonicRetro.SonLVL.SonPLN.MainForm.backgroundLevelLoader_DoWork(Object sender, DoWorkEventArgs e) in D:\Programs\SonLVL\SonPLN\MainForm.cs:line 323
---> (Inner Exception #0) System.IO.FileNotFoundException: Palette file could not be loaded! Have you set up your disassembly properly?
File name: 'art/palettes/Menu.bin'
   at SonicRetro.SonLVL.SonPLN.MainForm.LoadLevelPalette() in D:\Programs\SonLVL\SonPLN\MainForm.cs:line 442
   at System.Threading.Tasks.Task.InnerInvoke()
   at System.Threading.Tasks.Task.Execute()<---

Opening INI file "D:\Sonic_hacking\Sonic 1 dissasembly\Sonic-into-overdrive\SonPLN.ini"...
Game type is S1.
Loading Level Select...
8x8 tile file "art/nemesis/Standard font.bin" not found.
Plane mappings file "mappings/misc/Level Select.bin" not found.
Loading palette file "art/palettes/Menu.bin"...
Source: 0 Destination: 0 Length: 64
System.AggregateException: One or more errors occurred. ---> System.IO.FileNotFoundException: Palette file could not be loaded! Have you set up your disassembly properly?
   at SonicRetro.SonLVL.SonPLN.MainForm.LoadLevelPalette() in D:\Programs\SonLVL\SonPLN\MainForm.cs:line 442
   at System.Threading.Tasks.Task.InnerInvoke()
   at System.Threading.Tasks.Task.Execute()
   --- End of inner exception stack trace ---
   at System.Threading.Tasks.Task.FastWaitAll(Task[] tasks)
   at System.Threading.Tasks.Parallel.Invoke(ParallelOptions parallelOptions, Action[] actions)
   at System.Threading.Tasks.Parallel.Invoke(Action[] actions)
   at SonicRetro.SonLVL.SonPLN.MainForm.backgroundLevelLoader_DoWork(Object sender, DoWorkEventArgs e) in D:\Programs\SonLVL\SonPLN\MainForm.cs:line 323
---> (Inner Exception #0) System.IO.FileNotFoundException: Palette file could not be loaded! Have you set up your disassembly properly?
File name: 'art/palettes/Menu.bin'
   at SonicRetro.SonLVL.SonPLN.MainForm.LoadLevelPalette() in D:\Programs\SonLVL\SonPLN\MainForm.cs:line 442
   at System.Threading.Tasks.Task.InnerInvoke()
   at System.Threading.Tasks.Task.Execute()<---

Opening INI file "D:\Sonic_hacking\Sonic 1 dissasembly\Sonic-into-overdrive\SonPLN.ini"...
Game type is S1.
Loading Special Stage Background 2...
Loading palette file "palette/Special Stage.bin"...
Source: 32 Destination: 0 Length: 16
Loading 8x8 tiles from file "artnem/Special Clouds.bin", using compression Nemesis...
Loading plane mappings from file "tilemaps/SS Background 2.bin", using compression Enigma...
Load completed.
Loading Special Stage Background 1...
Loading palette file "palette/Special Stage.bin"...
Source: 16 Destination: 0 Length: 32
Loading plane mappings from file "tilemaps/SS Background 1.bin", using compression Enigma...
Loading 8x8 tiles from file "artnem/Special Birds & Fish.bin", using compression Nemesis...
Mappings data size does not match given width/height. Expected: 128 (8x8*2) Actual: 1024.
Load completed.
Loading Level Select...
System.AggregateException: One or more errors occurred. ---> System.FormatException: Level must contain at least one Palette file!
   at SonicRetro.SonLVL.SonPLN.MainForm.LoadLevelPalette() in D:\Programs\SonLVL\SonPLN\MainForm.cs:line 429
   at System.Threading.Tasks.Task.InnerInvoke()
   at System.Threading.Tasks.Task.Execute()
   --- End of inner exception stack trace ---
   at System.Threading.Tasks.Task.FastWaitAll(Task[] tasks)
   at System.Threading.Tasks.Parallel.Invoke(ParallelOptions parallelOptions, Action[] actions)
   at System.Threading.Tasks.Parallel.Invoke(Action[] actions)
   at SonicRetro.SonLVL.SonPLN.MainForm.backgroundLevelLoader_DoWork(Object sender, DoWorkEventArgs e) in D:\Programs\SonLVL\SonPLN\MainForm.cs:line 323
---> (Inner Exception #0) System.FormatException: Level must contain at least one Palette file!
   at SonicRetro.SonLVL.SonPLN.MainForm.LoadLevelPalette() in D:\Programs\SonLVL\SonPLN\MainForm.cs:line 429
   at System.Threading.Tasks.Task.InnerInvoke()
   at System.Threading.Tasks.Task.Execute()<---

---> (Inner Exception #1) System.FormatException: Level must contain Mappings file!
   at SonicRetro.SonLVL.SonPLN.MainForm.LoadLevelLayout() in D:\Programs\SonLVL\SonPLN\MainForm.cs:line 396
   at System.Threading.Tasks.Task.InnerInvoke()
   at System.Threading.Tasks.Task.Execute()<---

---> (Inner Exception #2) System.FormatException: Level must contain at least one Tiles file!
   at SonicRetro.SonLVL.SonPLN.MainForm.LoadLevelTiles() in D:\Programs\SonLVL\SonPLN\MainForm.cs:line 352
   at System.Threading.Tasks.Task.InnerInvoke()
   at System.Threading.Tasks.Task.Execute()<---

Opening INI file "D:\Sonic_hacking\Sonic 1 dissasembly\Sonic-into-overdrive\SonPLN.ini"...
Game type is S1.
Loading SEGA...
Loading plane mappings from file "tilemaps/Hidden Japanese Credits.bin", using compression Enigma...
Loading 8x8 tiles from file "artnem/Sega Logo.bin", using compression Nemesis...
Mappings data size does not match given width/height. Expected: 0 (0x0*2) Actual: 2240.
System.AggregateException: One or more errors occurred. ---> System.FormatException: Level must contain at least one Palette file!
   at SonicRetro.SonLVL.SonPLN.MainForm.LoadLevelPalette() in D:\Programs\SonLVL\SonPLN\MainForm.cs:line 429
   at System.Threading.Tasks.Task.InnerInvoke()
   at System.Threading.Tasks.Task.Execute()
   --- End of inner exception stack trace ---
   at System.Threading.Tasks.Task.FastWaitAll(Task[] tasks)
   at System.Threading.Tasks.Parallel.Invoke(ParallelOptions parallelOptions, Action[] actions)
   at System.Threading.Tasks.Parallel.Invoke(Action[] actions)
   at SonicRetro.SonLVL.SonPLN.MainForm.backgroundLevelLoader_DoWork(Object sender, DoWorkEventArgs e) in D:\Programs\SonLVL\SonPLN\MainForm.cs:line 323
---> (Inner Exception #0) System.FormatException: Level must contain at least one Palette file!
   at SonicRetro.SonLVL.SonPLN.MainForm.LoadLevelPalette() in D:\Programs\SonLVL\SonPLN\MainForm.cs:line 429
   at System.Threading.Tasks.Task.InnerInvoke()
   at System.Threading.Tasks.Task.Execute()<---

---> (Inner Exception #1) System.IndexOutOfRangeException: Index was outside the bounds of the array.
   at SonicRetro.SonLVL.SonPLN.MainForm.LoadLevelLayout() in D:\Programs\SonLVL\SonPLN\MainForm.cs:line 406
   at System.Threading.Tasks.Task.InnerInvoke()
   at System.Threading.Tasks.Task.Execute()<---

Opening INI file "D:\Sonic_hacking\Sonic 1 dissasembly\Sonic-into-overdrive\SonPLN.ini"...
Game type is S1.
Loading SEGA...
Loading 8x8 tiles from file "artnem/segaart.bin", using compression Nemesis...
Loading plane mappings from file "tilemaps/Hidden Japanese Credits.bin", using compression Enigma...
System.AggregateException: One or more errors occurred. ---> System.FormatException: Level must contain at least one Palette file!
   at SonicRetro.SonLVL.SonPLN.MainForm.LoadLevelPalette() in D:\Programs\SonLVL\SonPLN\MainForm.cs:line 429
   at System.Threading.Tasks.Task.InnerInvoke()
   at System.Threading.Tasks.Task.Execute()
   --- End of inner exception stack trace ---
   at System.Threading.Tasks.Task.FastWaitAll(Task[] tasks)
   at System.Threading.Tasks.Parallel.Invoke(ParallelOptions parallelOptions, Action[] actions)
   at System.Threading.Tasks.Parallel.Invoke(Action[] actions)
   at SonicRetro.SonLVL.SonPLN.MainForm.backgroundLevelLoader_DoWork(Object sender, DoWorkEventArgs e) in D:\Programs\SonLVL\SonPLN\MainForm.cs:line 323
---> (Inner Exception #0) System.FormatException: Level must contain at least one Palette file!
   at SonicRetro.SonLVL.SonPLN.MainForm.LoadLevelPalette() in D:\Programs\SonLVL\SonPLN\MainForm.cs:line 429
   at System.Threading.Tasks.Task.InnerInvoke()
   at System.Threading.Tasks.Task.Execute()<---

Loading Hidden Japanese Credits...
Loading palette file "palette/Sega2.bin"...
Source: 16 Destination: 0 Length: 8
Loading plane mappings from file "tilemaps/Hidden Japanese Credits.bin", using compression Enigma...
Loading 8x8 tiles from file "artnem/Hidden Japanese Credits.bin", using compression Nemesis...
System.AggregateException: One or more errors occurred. ---> System.IO.FileNotFoundException: Palette file could not be loaded! Have you set up your disassembly properly?
   at SonicRetro.SonLVL.SonPLN.MainForm.LoadLevelPalette() in D:\Programs\SonLVL\SonPLN\MainForm.cs:line 442
   at System.Threading.Tasks.Task.InnerInvoke()
   at System.Threading.Tasks.Task.Execute()
   --- End of inner exception stack trace ---
   at System.Threading.Tasks.Task.FastWaitAll(Task[] tasks)
   at System.Threading.Tasks.Parallel.Invoke(ParallelOptions parallelOptions, Action[] actions)
   at System.Threading.Tasks.Parallel.Invoke(Action[] actions)
   at SonicRetro.SonLVL.SonPLN.MainForm.backgroundLevelLoader_DoWork(Object sender, DoWorkEventArgs e) in D:\Programs\SonLVL\SonPLN\MainForm.cs:line 323
---> (Inner Exception #0) System.IO.FileNotFoundException: Palette file could not be loaded! Have you set up your disassembly properly?
File name: 'palette/Sega2.bin'
   at SonicRetro.SonLVL.SonPLN.MainForm.LoadLevelPalette() in D:\Programs\SonLVL\SonPLN\MainForm.cs:line 442
   at System.Threading.Tasks.Task.InnerInvoke()
   at System.Threading.Tasks.Task.Execute()<---

