Operating system: Microsoft Windows NT 6.2.9200.0
Opening INI file "D:\Sonic hacking\Sonic 1 dissasembly\Sonic-into-overdrive\SonLVL INI Files\SonLVL.ini"...
Game type is S1.
Loading Green Hill Zone Act 1...
Loading palette file "../palette/Sonic.bin"...
Source: 0 Destination: 0 Length: 16
Loading 8x8 tiles from file "../artnem/8x8 - GHZ1.bin", using compression Nemesis...
Loading palette file "../palette/Green Hill Zone.bin"...
Source: 0 Destination: 16 Length: 48
Loading 8x8 tiles from file "../artnem/8x8 - GHZ2.bin", using compression Nemesis...
System.AggregateException: One or more errors occurred. ---> System.FormatException: Level must contain Mappings file!
   at SonicRetro.SonLVL.SonPLN.MainForm.LoadLevelLayout() in D:\Programs\SonLVL\SonPLN\MainForm.cs:line 396
   at System.Threading.Tasks.Task.InnerInvoke()
   at System.Threading.Tasks.Task.Execute()
   --- End of inner exception stack trace ---
   at System.Threading.Tasks.Task.FastWaitAll(Task[] tasks)
   at System.Threading.Tasks.Parallel.Invoke(ParallelOptions parallelOptions, Action[] actions)
   at System.Threading.Tasks.Parallel.Invoke(Action[] actions)
   at SonicRetro.SonLVL.SonPLN.MainForm.backgroundLevelLoader_DoWork(Object sender, DoWorkEventArgs e) in D:\Programs\SonLVL\SonPLN\MainForm.cs:line 323
---> (Inner Exception #0) System.FormatException: Level must contain Mappings file!
   at SonicRetro.SonLVL.SonPLN.MainForm.LoadLevelLayout() in D:\Programs\SonLVL\SonPLN\MainForm.cs:line 396
   at System.Threading.Tasks.Task.InnerInvoke()
   at System.Threading.Tasks.Task.Execute()<---

